[2025-03-31T17:13:22.674+0000] {manager.py:469} INFO - Processing files using up to 2 processes at a time 
[2025-03-31T17:13:22.675+0000] {manager.py:470} INFO - Process each file at most once every 30 seconds
[2025-03-31T17:13:22.675+0000] {manager.py:471} INFO - Checking for new files in /opt/airflow/dags every 300 seconds
[2025-03-31T17:13:22.675+0000] {manager.py:738} INFO - Searching for files in /opt/airflow/dags
[2025-03-31T17:13:22.676+0000] {manager.py:741} INFO - There are 0 files in /opt/airflow/dags
[2025-03-31T17:18:22.882+0000] {manager.py:738} INFO - Searching for files in /opt/airflow/dags
[2025-03-31T17:18:22.891+0000] {manager.py:741} INFO - There are 0 files in /opt/airflow/dags
[2025-03-31T17:23:23.884+0000] {manager.py:738} INFO - Searching for files in /opt/airflow/dags
[2025-03-31T17:23:23.891+0000] {manager.py:741} INFO - There are 0 files in /opt/airflow/dags
[2025-03-31T17:28:24.264+0000] {manager.py:738} INFO - Searching for files in /opt/airflow/dags
[2025-03-31T17:28:24.273+0000] {manager.py:741} INFO - There are 0 files in /opt/airflow/dags
[2025-03-31T17:33:24.424+0000] {manager.py:738} INFO - Searching for files in /opt/airflow/dags
[2025-03-31T17:33:24.436+0000] {manager.py:741} INFO - There are 0 files in /opt/airflow/dags
[2025-03-31T17:38:25.220+0000] {manager.py:738} INFO - Searching for files in /opt/airflow/dags
[2025-03-31T17:38:25.228+0000] {manager.py:741} INFO - There are 0 files in /opt/airflow/dags
[2025-03-31T17:43:25.760+0000] {manager.py:738} INFO - Searching for files in /opt/airflow/dags
[2025-03-31T17:43:25.764+0000] {manager.py:741} INFO - There are 0 files in /opt/airflow/dags
[2025-03-31T17:48:26.399+0000] {manager.py:738} INFO - Searching for files in /opt/airflow/dags
[2025-03-31T17:48:26.402+0000] {manager.py:741} INFO - There are 0 files in /opt/airflow/dags
[2025-03-31T17:53:26.989+0000] {manager.py:738} INFO - Searching for files in /opt/airflow/dags
[2025-03-31T17:53:26.993+0000] {manager.py:741} INFO - There are 0 files in /opt/airflow/dags
[2025-03-31T17:58:27.851+0000] {manager.py:738} INFO - Searching for files in /opt/airflow/dags
[2025-03-31T17:58:27.859+0000] {manager.py:741} INFO - There are 0 files in /opt/airflow/dags
[2025-03-31T18:03:28.161+0000] {manager.py:738} INFO - Searching for files in /opt/airflow/dags
[2025-03-31T18:03:28.169+0000] {manager.py:741} INFO - There are 0 files in /opt/airflow/dags
[2025-03-31T18:08:28.218+0000] {manager.py:738} INFO - Searching for files in /opt/airflow/dags
[2025-03-31T18:08:28.225+0000] {manager.py:741} INFO - There are 0 files in /opt/airflow/dags
[2025-03-31T18:13:29.115+0000] {manager.py:738} INFO - Searching for files in /opt/airflow/dags
[2025-03-31T18:13:29.124+0000] {manager.py:741} INFO - There are 0 files in /opt/airflow/dags
[2025-03-31T18:18:29.639+0000] {manager.py:738} INFO - Searching for files in /opt/airflow/dags
[2025-03-31T18:18:29.645+0000] {manager.py:741} INFO - There are 0 files in /opt/airflow/dags
[2025-03-31T18:18:34.237+0000] {manager.py:451} INFO - Exiting gracefully upon receiving signal 15
